# Logfile created on Wed Oct 21 23:05:24 +0400 2009  [4;36;1mSQL (1.0ms)[0m   [0;1mSET NAMES 'utf8'[0m
  [4;35;1mSQL (1.0ms)[0m   [0mSET SQL_AUTO_IS_NULL=0[0m
  [4;36;1mSQL (87.0ms)[0m   [0;1mSHOW TABLES[0m
  [4;35;1mSQL (0.0ms)[0m   [0mMysql::Error: query: not connected: CREATE TABLE `schema_migrations` (`version` varchar(255) NOT NULL) ENGINE=InnoDB[0m
  [4;36;1mSQL (0.0ms)[0m   [0;1mSET NAMES 'utf8'[0m
  [4;35;1mSQL (1.0ms)[0m   [0mSET SQL_AUTO_IS_NULL=0[0m
  [4;36;1mSQL (27.0ms)[0m   [0;1mSHOW TABLES[0m
  [4;35;1mSQL (0.0ms)[0m   [0mMysql::Error: query: not connected: CREATE TABLE `schema_migrations` (`version` varchar(255) NOT NULL) ENGINE=InnoDB[0m
  [4;36;1mSQL (0.0ms)[0m   [0;1mSET NAMES 'utf8'[0m
  [4;35;1mSQL (0.0ms)[0m   [0mSET SQL_AUTO_IS_NULL=0[0m
  [4;36;1mSQL (1.0ms)[0m   [0;1mSHOW TABLES[0m
  [4;35;1mSQL (0.0ms)[0m   [0mMysql::Error: query: not connected: CREATE TABLE `schema_migrations` (`version` varchar(255) NOT NULL) ENGINE=InnoDB[0m
  [4;36;1mSQL (0.0ms)[0m   [0;1mSET NAMES 'utf8'[0m
  [4;35;1mSQL (1.0ms)[0m   [0mSET SQL_AUTO_IS_NULL=0[0m
  [4;36;1mSQL (1.0ms)[0m   [0;1mSHOW TABLES[0m
  [4;35;1mSQL (0.0ms)[0m   [0mMysql::Error: query: not connected: CREATE TABLE `schema_migrations` (`version` varchar(255) NOT NULL) ENGINE=InnoDB[0m
  [4;36;1mSQL (0.0ms)[0m   [0;1mSET NAMES 'utf8'[0m
  [4;35;1mSQL (0.0ms)[0m   [0mSET SQL_AUTO_IS_NULL=0[0m
  [4;36;1mSQL (16.0ms)[0m   [0;1mSHOW TABLES[0m
  [4;35;1mSQL (47.0ms)[0m   [0mCREATE TABLE `schema_migrations` (`version` varchar(255) NOT NULL) ENGINE=InnoDB[0m
  [4;36;1mSQL (93.0ms)[0m   [0;1mCREATE UNIQUE INDEX `unique_schema_migrations` ON `schema_migrations` (`version`)[0m
  [4;35;1mSQL (0.0ms)[0m   [0mSHOW TABLES[0m
  [4;36;1mSQL (0.0ms)[0m   [0;1mSELECT version FROM schema_migrations[0m
Migrating to CreateUsers (20081203140318)
  [4;35;1mSQL (0.0ms)[0m   [0mSHOW TABLES[0m
  [4;36;1mSQL (46.0ms)[0m   [0;1mCREATE TABLE `users` (`id` int(11) DEFAULT NULL auto_increment PRIMARY KEY, `login` varchar(255), `status` varchar(255) DEFAULT '0', `email` varchar(255), `crypted_password` varchar(40), `salt` varchar(40), `created_at` datetime, `updated_at` datetime, `remember_token` varchar(255), `remember_token_expires_at` datetime) ENGINE=InnoDB[0m
  [4;35;1mSQL (16.0ms)[0m   [0mINSERT INTO schema_migrations (version) VALUES ('20081203140318')[0m
Migrating to AddFtpMysql (20090113225022)
  [4;36;1mSQL (140.0ms)[0m   [0;1mALTER TABLE `users` ADD `ftppass` varchar(255) DEFAULT 'none'[0m
  [4;35;1mSQL (125.0ms)[0m   [0mALTER TABLE `users` ADD `mysqlpass` varchar(255) DEFAULT 'none'[0m
  [4;36;1mSQL (16.0ms)[0m   [0;1mINSERT INTO schema_migrations (version) VALUES ('20090113225022')[0m
Migrating to AddForum (20090114144821)
  [4;35;1mSQL (141.0ms)[0m   [0mALTER TABLE `users` ADD `wtf` varchar(255) DEFAULT 'joomla'[0m
  [4;36;1mSQL (16.0ms)[0m   [0;1mINSERT INTO schema_migrations (version) VALUES ('20090114144821')[0m
Migrating to Add (20090216222052)
  [4;35;1mSQL (125.0ms)[0m   [0mALTER TABLE `users` ADD `domain` varchar(255)[0m
  [4;36;1mSQL (16.0ms)[0m   [0;1mINSERT INTO schema_migrations (version) VALUES ('20090216222052')[0m
Migrating to AddMoney (20090222223113)
  [4;35;1mSQL (125.0ms)[0m   [0mALTER TABLE `users` ADD `money` float DEFAULT 0[0m
  [4;36;1mSQL (16.0ms)[0m   [0;1mINSERT INTO schema_migrations (version) VALUES ('20090222223113')[0m
Migrating to CreateTasks (20090329112808)
  [4;35;1mSQL (63.0ms)[0m   [0mCREATE TABLE `tasks` (`id` int(11) DEFAULT NULL auto_increment PRIMARY KEY, `user_id` int(11), `status` varchar(255), `domain` varchar(255), `created_at` datetime, `updated_at` datetime) ENGINE=InnoDB[0m
  [4;36;1mSQL (31.0ms)[0m   [0;1mINSERT INTO schema_migrations (version) VALUES ('20090329112808')[0m
Migrating to CreateInvites (20090413170154)
  [4;35;1mSQL (62.0ms)[0m   [0mCREATE TABLE `invites` (`id` int(11) DEFAULT NULL auto_increment PRIMARY KEY, `user_id` int(11), `invited_user` int(11), `invite_string` varchar(255), `created_at` datetime, `updated_at` datetime) ENGINE=InnoDB[0m
  [4;36;1mSQL (16.0ms)[0m   [0;1mINSERT INTO schema_migrations (version) VALUES ('20090413170154')[0m
Migrating to AddAdeptField (20090618174256)
  [4;35;1mSQL (140.0ms)[0m   [0mALTER TABLE `users` ADD `right` varchar(255) DEFAULT 'user'[0m
  [4;36;1mSQL (16.0ms)[0m   [0;1mINSERT INTO schema_migrations (version) VALUES ('20090618174256')[0m
Migrating to ActsAsTaggableMigration (20090619144210)
  [4;35;1mSQL (63.0ms)[0m   [0mCREATE TABLE `tags` (`id` int(11) DEFAULT NULL auto_increment PRIMARY KEY, `name` varchar(255)) ENGINE=InnoDB[0m
  [4;36;1mSQL (62.0ms)[0m   [0;1mCREATE TABLE `taggings` (`id` int(11) DEFAULT NULL auto_increment PRIMARY KEY, `tag_id` int(11), `taggable_id` int(11), `taggable_type` varchar(255), `created_at` datetime) ENGINE=InnoDB[0m
  [4;35;1mSQL (141.0ms)[0m   [0mCREATE INDEX `index_taggings_on_tag_id` ON `taggings` (`tag_id`)[0m
  [4;36;1mSQL (125.0ms)[0m   [0;1mCREATE INDEX `index_taggings_on_taggable_id_and_taggable_type` ON `taggings` (`taggable_id`, `taggable_type`)[0m
  [4;35;1mSQL (16.0ms)[0m   [0mINSERT INTO schema_migrations (version) VALUES ('20090619144210')[0m
Migrating to CreateSmsbils (20091013150152)
  [4;36;1mSQL (62.0ms)[0m   [0;1mCREATE TABLE `smsbils` (`id` int(11) DEFAULT NULL auto_increment PRIMARY KEY, `country` varchar(255), `phone` varchar(255), `op_id` varchar(255), `op_name` varchar(255), `income` varchar(255), `price` varchar(255), `created_at` datetime, `updated_at` datetime) ENGINE=InnoDB[0m
  [4;35;1mSQL (15.0ms)[0m   [0mINSERT INTO schema_migrations (version) VALUES ('20091013150152')[0m
  [4;36;1mSQL (0.0ms)[0m   [0;1mSHOW TABLES[0m
  [4;35;1mSQL (0.0ms)[0m   [0mSELECT version FROM schema_migrations[0m
  [4;36;1mSQL (16.0ms)[0m   [0;1mSHOW TABLES[0m
  [4;35;1mSQL (0.0ms)[0m   [0mSHOW FIELDS FROM `invites`[0m
  [4;36;1mSQL (16.0ms)[0m   [0;1mdescribe `invites`[0m
  [4;35;1mSQL (0.0ms)[0m   [0mSHOW KEYS FROM `invites`[0m
  [4;36;1mSQL (15.0ms)[0m   [0;1mSHOW FIELDS FROM `smsbils`[0m
  [4;35;1mSQL (0.0ms)[0m   [0mdescribe `smsbils`[0m
  [4;36;1mSQL (0.0ms)[0m   [0;1mSHOW KEYS FROM `smsbils`[0m
  [4;35;1mSQL (16.0ms)[0m   [0mSHOW FIELDS FROM `taggings`[0m
  [4;36;1mSQL (0.0ms)[0m   [0;1mdescribe `taggings`[0m
  [4;35;1mSQL (16.0ms)[0m   [0mSHOW KEYS FROM `taggings`[0m
  [4;36;1mSQL (0.0ms)[0m   [0;1mSHOW FIELDS FROM `tags`[0m
  [4;35;1mSQL (15.0ms)[0m   [0mdescribe `tags`[0m
  [4;36;1mSQL (0.0ms)[0m   [0;1mSHOW KEYS FROM `tags`[0m
  [4;35;1mSQL (0.0ms)[0m   [0mSHOW FIELDS FROM `tasks`[0m
  [4;36;1mSQL (16.0ms)[0m   [0;1mdescribe `tasks`[0m
  [4;35;1mSQL (0.0ms)[0m   [0mSHOW KEYS FROM `tasks`[0m
  [4;36;1mSQL (0.0ms)[0m   [0;1mSHOW FIELDS FROM `users`[0m
  [4;35;1mSQL (0.0ms)[0m   [0mdescribe `users`[0m
  [4;36;1mSQL (0.0ms)[0m   [0;1mSHOW KEYS FROM `users`[0m
  [4;36;1mSQL (0.0ms)[0m   [0;1mSET NAMES 'utf8'[0m
  [4;35;1mSQL (0.0ms)[0m   [0mSET SQL_AUTO_IS_NULL=0[0m
/!\ FAILSAFE /!\  Wed Oct 21 23:47:42 +0400 2009
  Status: 500 Internal Server Error
  no such file to load -- syslog
    d:/soft/Ruby/lib/ruby/site_ruby/1.8/rubygems/custom_require.rb:31:in `gem_original_require'
    d:/soft/Ruby/lib/ruby/site_ruby/1.8/rubygems/custom_require.rb:31:in `require'
    d:/soft/Ruby/lib/ruby/gems/1.8/gems/activesupport-2.3.4/lib/active_support/dependencies.rb:156:in `require'
    d:/soft/Ruby/lib/ruby/gems/1.8/gems/activesupport-2.3.4/lib/active_support/dependencies.rb:521:in `new_constants_in'
    d:/soft/Ruby/lib/ruby/gems/1.8/gems/activesupport-2.3.4/lib/active_support/dependencies.rb:156:in `require'
    E:/dropbox/My Dropbox/oxnull/oxmain/app/controllers/application_controller.rb:2
    d:/soft/Ruby/lib/ruby/gems/1.8/gems/activesupport-2.3.4/lib/active_support/dependencies.rb:380:in `load_without_new_constant_marking'
    d:/soft/Ruby/lib/ruby/gems/1.8/gems/activesupport-2.3.4/lib/active_support/dependencies.rb:380:in `load_file'
    d:/soft/Ruby/lib/ruby/gems/1.8/gems/activesupport-2.3.4/lib/active_support/dependencies.rb:521:in `new_constants_in'
    d:/soft/Ruby/lib/ruby/gems/1.8/gems/activesupport-2.3.4/lib/active_support/dependencies.rb:379:in `load_file'
    d:/soft/Ruby/lib/ruby/gems/1.8/gems/activesupport-2.3.4/lib/active_support/dependencies.rb:259:in `require_or_load'
    d:/soft/Ruby/lib/ruby/gems/1.8/gems/activesupport-2.3.4/lib/active_support/dependencies.rb:425:in `load_missing_constant'
    d:/soft/Ruby/lib/ruby/gems/1.8/gems/activesupport-2.3.4/lib/active_support/dependencies.rb:80:in `const_missing'
    d:/soft/Ruby/lib/ruby/gems/1.8/gems/activesupport-2.3.4/lib/active_support/dependencies.rb:92:in `const_missing'
    d:/soft/Ruby/lib/ruby/gems/1.8/gems/actionpack-2.3.4/lib/action_controller/dispatcher.rb:89:in `dispatch'
    d:/soft/Ruby/lib/ruby/gems/1.8/gems/actionpack-2.3.4/lib/action_controller/dispatcher.rb:121:in `_call'
    d:/soft/Ruby/lib/ruby/gems/1.8/gems/actionpack-2.3.4/lib/action_controller/dispatcher.rb:130:in `build_middleware_stack'
    d:/soft/Ruby/lib/ruby/gems/1.8/gems/activerecord-2.3.4/lib/active_record/query_cache.rb:29:in `call'
    d:/soft/Ruby/lib/ruby/gems/1.8/gems/activerecord-2.3.4/lib/active_record/query_cache.rb:29:in `call'
    d:/soft/Ruby/lib/ruby/gems/1.8/gems/activerecord-2.3.4/lib/active_record/connection_adapters/abstract/query_cache.rb:34:in `cache'
    d:/soft/Ruby/lib/ruby/gems/1.8/gems/activerecord-2.3.4/lib/active_record/query_cache.rb:9:in `cache'
    d:/soft/Ruby/lib/ruby/gems/1.8/gems/activerecord-2.3.4/lib/active_record/query_cache.rb:28:in `call'
    d:/soft/Ruby/lib/ruby/gems/1.8/gems/activerecord-2.3.4/lib/active_record/connection_adapters/abstract/connection_pool.rb:361:in `call'
    d:/soft/Ruby/lib/ruby/gems/1.8/gems/rack-1.0.0/lib/rack/head.rb:9:in `call'
    d:/soft/Ruby/lib/ruby/gems/1.8/gems/rack-1.0.0/lib/rack/methodoverride.rb:24:in `call'
    d:/soft/Ruby/lib/ruby/gems/1.8/gems/actionpack-2.3.4/lib/action_controller/params_parser.rb:15:in `call'
    d:/soft/Ruby/lib/ruby/gems/1.8/gems/actionpack-2.3.4/lib/action_controller/session/cookie_store.rb:93:in `call'
    d:/soft/Ruby/lib/ruby/gems/1.8/gems/actionpack-2.3.4/lib/action_controller/failsafe.rb:26:in `call'
    d:/soft/Ruby/lib/ruby/gems/1.8/gems/rack-1.0.0/lib/rack/lock.rb:11:in `call'
    d:/soft/Ruby/lib/ruby/gems/1.8/gems/rack-1.0.0/lib/rack/lock.rb:11:in `synchronize'
    d:/soft/Ruby/lib/ruby/gems/1.8/gems/rack-1.0.0/lib/rack/lock.rb:11:in `call'
    d:/soft/Ruby/lib/ruby/gems/1.8/gems/actionpack-2.3.4/lib/action_controller/dispatcher.rb:114:in `call'
    d:/soft/Ruby/lib/ruby/gems/1.8/gems/actionpack-2.3.4/lib/action_controller/reloader.rb:34:in `run'
    d:/soft/Ruby/lib/ruby/gems/1.8/gems/actionpack-2.3.4/lib/action_controller/dispatcher.rb:108:in `call'
    d:/soft/Ruby/lib/ruby/gems/1.8/gems/rails-2.3.4/lib/rails/rack/static.rb:31:in `call'
    d:/soft/Ruby/lib/ruby/gems/1.8/gems/rack-1.0.0/lib/rack/urlmap.rb:46:in `call'
    d:/soft/Ruby/lib/ruby/gems/1.8/gems/rack-1.0.0/lib/rack/urlmap.rb:40:in `each'
    d:/soft/Ruby/lib/ruby/gems/1.8/gems/rack-1.0.0/lib/rack/urlmap.rb:40:in `call'
    d:/soft/Ruby/lib/ruby/gems/1.8/gems/rails-2.3.4/lib/rails/rack/log_tailer.rb:17:in `call'
    d:/soft/Ruby/lib/ruby/gems/1.8/gems/rack-1.0.0/lib/rack/content_length.rb:13:in `call'
    d:/soft/Ruby/lib/ruby/gems/1.8/gems/rack-1.0.0/lib/rack/handler/webrick.rb:46:in `service'
    d:/soft/Ruby/lib/ruby/1.8/webrick/httpserver.rb:104:in `service'
    d:/soft/Ruby/lib/ruby/1.8/webrick/httpserver.rb:65:in `run'
    d:/soft/Ruby/lib/ruby/1.8/webrick/server.rb:173:in `start_thread'
    d:/soft/Ruby/lib/ruby/1.8/webrick/server.rb:162:in `start'
    d:/soft/Ruby/lib/ruby/1.8/webrick/server.rb:162:in `start_thread'
    d:/soft/Ruby/lib/ruby/1.8/webrick/server.rb:95:in `start'
    d:/soft/Ruby/lib/ruby/1.8/webrick/server.rb:92:in `each'
    d:/soft/Ruby/lib/ruby/1.8/webrick/server.rb:92:in `start'
    d:/soft/Ruby/lib/ruby/1.8/webrick/server.rb:23:in `start'
    d:/soft/Ruby/lib/ruby/1.8/webrick/server.rb:82:in `start'
    d:/soft/Ruby/lib/ruby/gems/1.8/gems/rack-1.0.0/lib/rack/handler/webrick.rb:13:in `run'
    d:/soft/Ruby/lib/ruby/gems/1.8/gems/rails-2.3.4/lib/commands/server.rb:111
    d:/soft/Ruby/lib/ruby/site_ruby/1.8/rubygems/custom_require.rb:31:in `gem_original_require'
    d:/soft/Ruby/lib/ruby/site_ruby/1.8/rubygems/custom_require.rb:31:in `require'
    script/server:3
  [4;36;1mSQL (0.0ms)[0m   [0;1mSET NAMES 'utf8'[0m
  [4;35;1mSQL (1.0ms)[0m   [0mSET SQL_AUTO_IS_NULL=0[0m
/!\ FAILSAFE /!\  Wed Oct 21 23:48:00 +0400 2009
  Status: 500 Internal Server Error
  no such file to load -- syslog
    d:/soft/Ruby/lib/ruby/site_ruby/1.8/rubygems/custom_require.rb:31:in `gem_original_require'
    d:/soft/Ruby/lib/ruby/site_ruby/1.8/rubygems/custom_require.rb:31:in `require'
    d:/soft/Ruby/lib/ruby/gems/1.8/gems/activesupport-2.3.4/lib/active_support/dependencies.rb:156:in `require'
    d:/soft/Ruby/lib/ruby/gems/1.8/gems/activesupport-2.3.4/lib/active_support/dependencies.rb:521:in `new_constants_in'
    d:/soft/Ruby/lib/ruby/gems/1.8/gems/activesupport-2.3.4/lib/active_support/dependencies.rb:156:in `require'
    E:/dropbox/My Dropbox/oxnull/oxmain/app/controllers/application_controller.rb:2
    d:/soft/Ruby/lib/ruby/gems/1.8/gems/activesupport-2.3.4/lib/active_support/dependencies.rb:380:in `load_without_new_constant_marking'
    d:/soft/Ruby/lib/ruby/gems/1.8/gems/activesupport-2.3.4/lib/active_support/dependencies.rb:380:in `load_file'
    d:/soft/Ruby/lib/ruby/gems/1.8/gems/activesupport-2.3.4/lib/active_support/dependencies.rb:521:in `new_constants_in'
    d:/soft/Ruby/lib/ruby/gems/1.8/gems/activesupport-2.3.4/lib/active_support/dependencies.rb:379:in `load_file'
    d:/soft/Ruby/lib/ruby/gems/1.8/gems/activesupport-2.3.4/lib/active_support/dependencies.rb:259:in `require_or_load'
    d:/soft/Ruby/lib/ruby/gems/1.8/gems/activesupport-2.3.4/lib/active_support/dependencies.rb:425:in `load_missing_constant'
    d:/soft/Ruby/lib/ruby/gems/1.8/gems/activesupport-2.3.4/lib/active_support/dependencies.rb:80:in `const_missing'
    d:/soft/Ruby/lib/ruby/gems/1.8/gems/activesupport-2.3.4/lib/active_support/dependencies.rb:92:in `const_missing'
    d:/soft/Ruby/lib/ruby/gems/1.8/gems/actionpack-2.3.4/lib/action_controller/dispatcher.rb:89:in `dispatch'
    d:/soft/Ruby/lib/ruby/gems/1.8/gems/actionpack-2.3.4/lib/action_controller/dispatcher.rb:121:in `_call'
    d:/soft/Ruby/lib/ruby/gems/1.8/gems/actionpack-2.3.4/lib/action_controller/dispatcher.rb:130:in `build_middleware_stack'
    d:/soft/Ruby/lib/ruby/gems/1.8/gems/activerecord-2.3.4/lib/active_record/query_cache.rb:29:in `call'
    d:/soft/Ruby/lib/ruby/gems/1.8/gems/activerecord-2.3.4/lib/active_record/query_cache.rb:29:in `call'
    d:/soft/Ruby/lib/ruby/gems/1.8/gems/activerecord-2.3.4/lib/active_record/connection_adapters/abstract/query_cache.rb:34:in `cache'
    d:/soft/Ruby/lib/ruby/gems/1.8/gems/activerecord-2.3.4/lib/active_record/query_cache.rb:9:in `cache'
    d:/soft/Ruby/lib/ruby/gems/1.8/gems/activerecord-2.3.4/lib/active_record/query_cache.rb:28:in `call'
    d:/soft/Ruby/lib/ruby/gems/1.8/gems/activerecord-2.3.4/lib/active_record/connection_adapters/abstract/connection_pool.rb:361:in `call'
    d:/soft/Ruby/lib/ruby/gems/1.8/gems/rack-1.0.0/lib/rack/head.rb:9:in `call'
    d:/soft/Ruby/lib/ruby/gems/1.8/gems/rack-1.0.0/lib/rack/methodoverride.rb:24:in `call'
    d:/soft/Ruby/lib/ruby/gems/1.8/gems/actionpack-2.3.4/lib/action_controller/params_parser.rb:15:in `call'
    d:/soft/Ruby/lib/ruby/gems/1.8/gems/actionpack-2.3.4/lib/action_controller/session/cookie_store.rb:93:in `call'
    d:/soft/Ruby/lib/ruby/gems/1.8/gems/actionpack-2.3.4/lib/action_controller/failsafe.rb:26:in `call'
    d:/soft/Ruby/lib/ruby/gems/1.8/gems/rack-1.0.0/lib/rack/lock.rb:11:in `call'
    d:/soft/Ruby/lib/ruby/gems/1.8/gems/rack-1.0.0/lib/rack/lock.rb:11:in `synchronize'
    d:/soft/Ruby/lib/ruby/gems/1.8/gems/rack-1.0.0/lib/rack/lock.rb:11:in `call'
    d:/soft/Ruby/lib/ruby/gems/1.8/gems/actionpack-2.3.4/lib/action_controller/dispatcher.rb:114:in `call'
    d:/soft/Ruby/lib/ruby/gems/1.8/gems/actionpack-2.3.4/lib/action_controller/reloader.rb:34:in `run'
    d:/soft/Ruby/lib/ruby/gems/1.8/gems/actionpack-2.3.4/lib/action_controller/dispatcher.rb:108:in `call'
    d:/soft/Ruby/lib/ruby/gems/1.8/gems/rails-2.3.4/lib/rails/rack/static.rb:31:in `call'
    d:/soft/Ruby/lib/ruby/gems/1.8/gems/rack-1.0.0/lib/rack/urlmap.rb:46:in `call'
    d:/soft/Ruby/lib/ruby/gems/1.8/gems/rack-1.0.0/lib/rack/urlmap.rb:40:in `each'
    d:/soft/Ruby/lib/ruby/gems/1.8/gems/rack-1.0.0/lib/rack/urlmap.rb:40:in `call'
    d:/soft/Ruby/lib/ruby/gems/1.8/gems/rails-2.3.4/lib/rails/rack/log_tailer.rb:17:in `call'
    d:/soft/Ruby/lib/ruby/gems/1.8/gems/rack-1.0.0/lib/rack/content_length.rb:13:in `call'
    d:/soft/Ruby/lib/ruby/gems/1.8/gems/rack-1.0.0/lib/rack/handler/webrick.rb:46:in `service'
    d:/soft/Ruby/lib/ruby/1.8/webrick/httpserver.rb:104:in `service'
    d:/soft/Ruby/lib/ruby/1.8/webrick/httpserver.rb:65:in `run'
    d:/soft/Ruby/lib/ruby/1.8/webrick/server.rb:173:in `start_thread'
    d:/soft/Ruby/lib/ruby/1.8/webrick/server.rb:162:in `start'
    d:/soft/Ruby/lib/ruby/1.8/webrick/server.rb:162:in `start_thread'
    d:/soft/Ruby/lib/ruby/1.8/webrick/server.rb:95:in `start'
    d:/soft/Ruby/lib/ruby/1.8/webrick/server.rb:92:in `each'
    d:/soft/Ruby/lib/ruby/1.8/webrick/server.rb:92:in `start'
    d:/soft/Ruby/lib/ruby/1.8/webrick/server.rb:23:in `start'
    d:/soft/Ruby/lib/ruby/1.8/webrick/server.rb:82:in `start'
    d:/soft/Ruby/lib/ruby/gems/1.8/gems/rack-1.0.0/lib/rack/handler/webrick.rb:13:in `run'
    d:/soft/Ruby/lib/ruby/gems/1.8/gems/rails-2.3.4/lib/commands/server.rb:111
    d:/soft/Ruby/lib/ruby/site_ruby/1.8/rubygems/custom_require.rb:31:in `gem_original_require'
    d:/soft/Ruby/lib/ruby/site_ruby/1.8/rubygems/custom_require.rb:31:in `require'
    script/server:3
  [4;36;1mSQL (0.0ms)[0m   [0;1mSET NAMES 'utf8'[0m
  [4;35;1mSQL (0.0ms)[0m   [0mSET SQL_AUTO_IS_NULL=0[0m
/!\ FAILSAFE /!\  Wed Oct 21 23:49:05 +0400 2009
  Status: 500 Internal Server Error
  no such file to load -- syslog
    d:/soft/Ruby/lib/ruby/site_ruby/1.8/rubygems/custom_require.rb:31:in `gem_original_require'
    d:/soft/Ruby/lib/ruby/site_ruby/1.8/rubygems/custom_require.rb:31:in `require'
    d:/soft/Ruby/lib/ruby/gems/1.8/gems/activesupport-2.3.4/lib/active_support/dependencies.rb:156:in `require'
    d:/soft/Ruby/lib/ruby/gems/1.8/gems/activesupport-2.3.4/lib/active_support/dependencies.rb:521:in `new_constants_in'
    d:/soft/Ruby/lib/ruby/gems/1.8/gems/activesupport-2.3.4/lib/active_support/dependencies.rb:156:in `require'
    E:/dropbox/My Dropbox/oxnull/oxmain/app/controllers/application_controller.rb:2
    d:/soft/Ruby/lib/ruby/gems/1.8/gems/activesupport-2.3.4/lib/active_support/dependencies.rb:380:in `load_without_new_constant_marking'
    d:/soft/Ruby/lib/ruby/gems/1.8/gems/activesupport-2.3.4/lib/active_support/dependencies.rb:380:in `load_file'
    d:/soft/Ruby/lib/ruby/gems/1.8/gems/activesupport-2.3.4/lib/active_support/dependencies.rb:521:in `new_constants_in'
    d:/soft/Ruby/lib/ruby/gems/1.8/gems/activesupport-2.3.4/lib/active_support/dependencies.rb:379:in `load_file'
    d:/soft/Ruby/lib/ruby/gems/1.8/gems/activesupport-2.3.4/lib/active_support/dependencies.rb:259:in `require_or_load'
    d:/soft/Ruby/lib/ruby/gems/1.8/gems/activesupport-2.3.4/lib/active_support/dependencies.rb:425:in `load_missing_constant'
    d:/soft/Ruby/lib/ruby/gems/1.8/gems/activesupport-2.3.4/lib/active_support/dependencies.rb:80:in `const_missing'
    d:/soft/Ruby/lib/ruby/gems/1.8/gems/activesupport-2.3.4/lib/active_support/dependencies.rb:92:in `const_missing'
    d:/soft/Ruby/lib/ruby/gems/1.8/gems/actionpack-2.3.4/lib/action_controller/dispatcher.rb:89:in `dispatch'
    d:/soft/Ruby/lib/ruby/gems/1.8/gems/actionpack-2.3.4/lib/action_controller/dispatcher.rb:121:in `_call'
    d:/soft/Ruby/lib/ruby/gems/1.8/gems/actionpack-2.3.4/lib/action_controller/dispatcher.rb:130:in `build_middleware_stack'
    d:/soft/Ruby/lib/ruby/gems/1.8/gems/activerecord-2.3.4/lib/active_record/query_cache.rb:29:in `call'
    d:/soft/Ruby/lib/ruby/gems/1.8/gems/activerecord-2.3.4/lib/active_record/query_cache.rb:29:in `call'
    d:/soft/Ruby/lib/ruby/gems/1.8/gems/activerecord-2.3.4/lib/active_record/connection_adapters/abstract/query_cache.rb:34:in `cache'
    d:/soft/Ruby/lib/ruby/gems/1.8/gems/activerecord-2.3.4/lib/active_record/query_cache.rb:9:in `cache'
    d:/soft/Ruby/lib/ruby/gems/1.8/gems/activerecord-2.3.4/lib/active_record/query_cache.rb:28:in `call'
    d:/soft/Ruby/lib/ruby/gems/1.8/gems/activerecord-2.3.4/lib/active_record/connection_adapters/abstract/connection_pool.rb:361:in `call'
    d:/soft/Ruby/lib/ruby/gems/1.8/gems/rack-1.0.0/lib/rack/head.rb:9:in `call'
    d:/soft/Ruby/lib/ruby/gems/1.8/gems/rack-1.0.0/lib/rack/methodoverride.rb:24:in `call'
    d:/soft/Ruby/lib/ruby/gems/1.8/gems/actionpack-2.3.4/lib/action_controller/params_parser.rb:15:in `call'
    d:/soft/Ruby/lib/ruby/gems/1.8/gems/actionpack-2.3.4/lib/action_controller/session/cookie_store.rb:93:in `call'
    d:/soft/Ruby/lib/ruby/gems/1.8/gems/actionpack-2.3.4/lib/action_controller/failsafe.rb:26:in `call'
    d:/soft/Ruby/lib/ruby/gems/1.8/gems/rack-1.0.0/lib/rack/lock.rb:11:in `call'
    d:/soft/Ruby/lib/ruby/gems/1.8/gems/rack-1.0.0/lib/rack/lock.rb:11:in `synchronize'
    d:/soft/Ruby/lib/ruby/gems/1.8/gems/rack-1.0.0/lib/rack/lock.rb:11:in `call'
    d:/soft/Ruby/lib/ruby/gems/1.8/gems/actionpack-2.3.4/lib/action_controller/dispatcher.rb:114:in `call'
    d:/soft/Ruby/lib/ruby/gems/1.8/gems/actionpack-2.3.4/lib/action_controller/reloader.rb:34:in `run'
    d:/soft/Ruby/lib/ruby/gems/1.8/gems/actionpack-2.3.4/lib/action_controller/dispatcher.rb:108:in `call'
    d:/soft/Ruby/lib/ruby/gems/1.8/gems/rails-2.3.4/lib/rails/rack/static.rb:31:in `call'
    d:/soft/Ruby/lib/ruby/gems/1.8/gems/rack-1.0.0/lib/rack/urlmap.rb:46:in `call'
    d:/soft/Ruby/lib/ruby/gems/1.8/gems/rack-1.0.0/lib/rack/urlmap.rb:40:in `each'
    d:/soft/Ruby/lib/ruby/gems/1.8/gems/rack-1.0.0/lib/rack/urlmap.rb:40:in `call'
    d:/soft/Ruby/lib/ruby/gems/1.8/gems/rails-2.3.4/lib/rails/rack/log_tailer.rb:17:in `call'
    d:/soft/Ruby/lib/ruby/gems/1.8/gems/rack-1.0.0/lib/rack/content_length.rb:13:in `call'
    d:/soft/Ruby/lib/ruby/gems/1.8/gems/rack-1.0.0/lib/rack/handler/webrick.rb:46:in `service'
    d:/soft/Ruby/lib/ruby/1.8/webrick/httpserver.rb:104:in `service'
    d:/soft/Ruby/lib/ruby/1.8/webrick/httpserver.rb:65:in `run'
    d:/soft/Ruby/lib/ruby/1.8/webrick/server.rb:173:in `start_thread'
    d:/soft/Ruby/lib/ruby/1.8/webrick/server.rb:162:in `start'
    d:/soft/Ruby/lib/ruby/1.8/webrick/server.rb:162:in `start_thread'
    d:/soft/Ruby/lib/ruby/1.8/webrick/server.rb:95:in `start'
    d:/soft/Ruby/lib/ruby/1.8/webrick/server.rb:92:in `each'
    d:/soft/Ruby/lib/ruby/1.8/webrick/server.rb:92:in `start'
    d:/soft/Ruby/lib/ruby/1.8/webrick/server.rb:23:in `start'
    d:/soft/Ruby/lib/ruby/1.8/webrick/server.rb:82:in `start'
    d:/soft/Ruby/lib/ruby/gems/1.8/gems/rack-1.0.0/lib/rack/handler/webrick.rb:13:in `run'
    d:/soft/Ruby/lib/ruby/gems/1.8/gems/rails-2.3.4/lib/commands/server.rb:111
    d:/soft/Ruby/lib/ruby/site_ruby/1.8/rubygems/custom_require.rb:31:in `gem_original_require'
    d:/soft/Ruby/lib/ruby/site_ruby/1.8/rubygems/custom_require.rb:31:in `require'
    script/server:3
  [4;36;1mSQL (0.0ms)[0m   [0;1mSET NAMES 'utf8'[0m
  [4;35;1mSQL (1.0ms)[0m   [0mSET SQL_AUTO_IS_NULL=0[0m
/!\ FAILSAFE /!\  Wed Oct 21 23:49:44 +0400 2009
  Status: 500 Internal Server Error
  no such file to load -- syslog
    d:/soft/Ruby/lib/ruby/site_ruby/1.8/rubygems/custom_require.rb:31:in `gem_original_require'
    d:/soft/Ruby/lib/ruby/site_ruby/1.8/rubygems/custom_require.rb:31:in `require'
    d:/soft/Ruby/lib/ruby/gems/1.8/gems/activesupport-2.3.4/lib/active_support/dependencies.rb:156:in `require'
    d:/soft/Ruby/lib/ruby/gems/1.8/gems/activesupport-2.3.4/lib/active_support/dependencies.rb:521:in `new_constants_in'
    d:/soft/Ruby/lib/ruby/gems/1.8/gems/activesupport-2.3.4/lib/active_support/dependencies.rb:156:in `require'
    E:/dropbox/My Dropbox/oxnull/oxmain/app/controllers/application_controller.rb:2
    d:/soft/Ruby/lib/ruby/gems/1.8/gems/activesupport-2.3.4/lib/active_support/dependencies.rb:380:in `load_without_new_constant_marking'
    d:/soft/Ruby/lib/ruby/gems/1.8/gems/activesupport-2.3.4/lib/active_support/dependencies.rb:380:in `load_file'
    d:/soft/Ruby/lib/ruby/gems/1.8/gems/activesupport-2.3.4/lib/active_support/dependencies.rb:521:in `new_constants_in'
    d:/soft/Ruby/lib/ruby/gems/1.8/gems/activesupport-2.3.4/lib/active_support/dependencies.rb:379:in `load_file'
    d:/soft/Ruby/lib/ruby/gems/1.8/gems/activesupport-2.3.4/lib/active_support/dependencies.rb:259:in `require_or_load'
    d:/soft/Ruby/lib/ruby/gems/1.8/gems/activesupport-2.3.4/lib/active_support/dependencies.rb:425:in `load_missing_constant'
    d:/soft/Ruby/lib/ruby/gems/1.8/gems/activesupport-2.3.4/lib/active_support/dependencies.rb:80:in `const_missing'
    d:/soft/Ruby/lib/ruby/gems/1.8/gems/activesupport-2.3.4/lib/active_support/dependencies.rb:92:in `const_missing'
    d:/soft/Ruby/lib/ruby/gems/1.8/gems/actionpack-2.3.4/lib/action_controller/dispatcher.rb:89:in `dispatch'
    d:/soft/Ruby/lib/ruby/gems/1.8/gems/actionpack-2.3.4/lib/action_controller/dispatcher.rb:121:in `_call'
    d:/soft/Ruby/lib/ruby/gems/1.8/gems/actionpack-2.3.4/lib/action_controller/dispatcher.rb:130:in `build_middleware_stack'
    d:/soft/Ruby/lib/ruby/gems/1.8/gems/activerecord-2.3.4/lib/active_record/query_cache.rb:29:in `call'
    d:/soft/Ruby/lib/ruby/gems/1.8/gems/activerecord-2.3.4/lib/active_record/query_cache.rb:29:in `call'
    d:/soft/Ruby/lib/ruby/gems/1.8/gems/activerecord-2.3.4/lib/active_record/connection_adapters/abstract/query_cache.rb:34:in `cache'
    d:/soft/Ruby/lib/ruby/gems/1.8/gems/activerecord-2.3.4/lib/active_record/query_cache.rb:9:in `cache'
    d:/soft/Ruby/lib/ruby/gems/1.8/gems/activerecord-2.3.4/lib/active_record/query_cache.rb:28:in `call'
    d:/soft/Ruby/lib/ruby/gems/1.8/gems/activerecord-2.3.4/lib/active_record/connection_adapters/abstract/connection_pool.rb:361:in `call'
    d:/soft/Ruby/lib/ruby/gems/1.8/gems/rack-1.0.0/lib/rack/head.rb:9:in `call'
    d:/soft/Ruby/lib/ruby/gems/1.8/gems/rack-1.0.0/lib/rack/methodoverride.rb:24:in `call'
    d:/soft/Ruby/lib/ruby/gems/1.8/gems/actionpack-2.3.4/lib/action_controller/params_parser.rb:15:in `call'
    d:/soft/Ruby/lib/ruby/gems/1.8/gems/actionpack-2.3.4/lib/action_controller/session/cookie_store.rb:93:in `call'
    d:/soft/Ruby/lib/ruby/gems/1.8/gems/actionpack-2.3.4/lib/action_controller/failsafe.rb:26:in `call'
    d:/soft/Ruby/lib/ruby/gems/1.8/gems/rack-1.0.0/lib/rack/lock.rb:11:in `call'
    d:/soft/Ruby/lib/ruby/gems/1.8/gems/rack-1.0.0/lib/rack/lock.rb:11:in `synchronize'
    d:/soft/Ruby/lib/ruby/gems/1.8/gems/rack-1.0.0/lib/rack/lock.rb:11:in `call'
    d:/soft/Ruby/lib/ruby/gems/1.8/gems/actionpack-2.3.4/lib/action_controller/dispatcher.rb:114:in `call'
    d:/soft/Ruby/lib/ruby/gems/1.8/gems/actionpack-2.3.4/lib/action_controller/reloader.rb:34:in `run'
    d:/soft/Ruby/lib/ruby/gems/1.8/gems/actionpack-2.3.4/lib/action_controller/dispatcher.rb:108:in `call'
    d:/soft/Ruby/lib/ruby/gems/1.8/gems/rails-2.3.4/lib/rails/rack/static.rb:31:in `call'
    d:/soft/Ruby/lib/ruby/gems/1.8/gems/rack-1.0.0/lib/rack/urlmap.rb:46:in `call'
    d:/soft/Ruby/lib/ruby/gems/1.8/gems/rack-1.0.0/lib/rack/urlmap.rb:40:in `each'
    d:/soft/Ruby/lib/ruby/gems/1.8/gems/rack-1.0.0/lib/rack/urlmap.rb:40:in `call'
    d:/soft/Ruby/lib/ruby/gems/1.8/gems/rails-2.3.4/lib/rails/rack/log_tailer.rb:17:in `call'
    d:/soft/Ruby/lib/ruby/gems/1.8/gems/rack-1.0.0/lib/rack/content_length.rb:13:in `call'
    d:/soft/Ruby/lib/ruby/gems/1.8/gems/rack-1.0.0/lib/rack/handler/webrick.rb:46:in `service'
    d:/soft/Ruby/lib/ruby/1.8/webrick/httpserver.rb:104:in `service'
    d:/soft/Ruby/lib/ruby/1.8/webrick/httpserver.rb:65:in `run'
    d:/soft/Ruby/lib/ruby/1.8/webrick/server.rb:173:in `start_thread'
    d:/soft/Ruby/lib/ruby/1.8/webrick/server.rb:162:in `start'
    d:/soft/Ruby/lib/ruby/1.8/webrick/server.rb:162:in `start_thread'
    d:/soft/Ruby/lib/ruby/1.8/webrick/server.rb:95:in `start'
    d:/soft/Ruby/lib/ruby/1.8/webrick/server.rb:92:in `each'
    d:/soft/Ruby/lib/ruby/1.8/webrick/server.rb:92:in `start'
    d:/soft/Ruby/lib/ruby/1.8/webrick/server.rb:23:in `start'
    d:/soft/Ruby/lib/ruby/1.8/webrick/server.rb:82:in `start'
    d:/soft/Ruby/lib/ruby/gems/1.8/gems/rack-1.0.0/lib/rack/handler/webrick.rb:13:in `run'
    d:/soft/Ruby/lib/ruby/gems/1.8/gems/rails-2.3.4/lib/commands/server.rb:111
    d:/soft/Ruby/lib/ruby/site_ruby/1.8/rubygems/custom_require.rb:31:in `gem_original_require'
    d:/soft/Ruby/lib/ruby/site_ruby/1.8/rubygems/custom_require.rb:31:in `require'
    script/server:3
  [4;36;1mSQL (1.0ms)[0m   [0;1mSET NAMES 'utf8'[0m
  [4;35;1mSQL (0.0ms)[0m   [0mSET SQL_AUTO_IS_NULL=0[0m
/!\ FAILSAFE /!\  Wed Oct 21 23:50:07 +0400 2009
  Status: 500 Internal Server Error
  no such file to load -- syslog
    d:/soft/Ruby/lib/ruby/site_ruby/1.8/rubygems/custom_require.rb:31:in `gem_original_require'
    d:/soft/Ruby/lib/ruby/site_ruby/1.8/rubygems/custom_require.rb:31:in `require'
    d:/soft/Ruby/lib/ruby/gems/1.8/gems/activesupport-2.3.4/lib/active_support/dependencies.rb:156:in `require'
    d:/soft/Ruby/lib/ruby/gems/1.8/gems/activesupport-2.3.4/lib/active_support/dependencies.rb:521:in `new_constants_in'
    d:/soft/Ruby/lib/ruby/gems/1.8/gems/activesupport-2.3.4/lib/active_support/dependencies.rb:156:in `require'
    E:/dropbox/My Dropbox/oxnull/oxmain/app/controllers/application_controller.rb:2
    d:/soft/Ruby/lib/ruby/gems/1.8/gems/activesupport-2.3.4/lib/active_support/dependencies.rb:380:in `load_without_new_constant_marking'
    d:/soft/Ruby/lib/ruby/gems/1.8/gems/activesupport-2.3.4/lib/active_support/dependencies.rb:380:in `load_file'
    d:/soft/Ruby/lib/ruby/gems/1.8/gems/activesupport-2.3.4/lib/active_support/dependencies.rb:521:in `new_constants_in'
    d:/soft/Ruby/lib/ruby/gems/1.8/gems/activesupport-2.3.4/lib/active_support/dependencies.rb:379:in `load_file'
    d:/soft/Ruby/lib/ruby/gems/1.8/gems/activesupport-2.3.4/lib/active_support/dependencies.rb:259:in `require_or_load'
    d:/soft/Ruby/lib/ruby/gems/1.8/gems/activesupport-2.3.4/lib/active_support/dependencies.rb:425:in `load_missing_constant'
    d:/soft/Ruby/lib/ruby/gems/1.8/gems/activesupport-2.3.4/lib/active_support/dependencies.rb:80:in `const_missing'
    d:/soft/Ruby/lib/ruby/gems/1.8/gems/activesupport-2.3.4/lib/active_support/dependencies.rb:92:in `const_missing'
    d:/soft/Ruby/lib/ruby/gems/1.8/gems/actionpack-2.3.4/lib/action_controller/dispatcher.rb:89:in `dispatch'
    d:/soft/Ruby/lib/ruby/gems/1.8/gems/actionpack-2.3.4/lib/action_controller/dispatcher.rb:121:in `_call'
    d:/soft/Ruby/lib/ruby/gems/1.8/gems/actionpack-2.3.4/lib/action_controller/dispatcher.rb:130:in `build_middleware_stack'
    d:/soft/Ruby/lib/ruby/gems/1.8/gems/activerecord-2.3.4/lib/active_record/query_cache.rb:29:in `call'
    d:/soft/Ruby/lib/ruby/gems/1.8/gems/activerecord-2.3.4/lib/active_record/query_cache.rb:29:in `call'
    d:/soft/Ruby/lib/ruby/gems/1.8/gems/activerecord-2.3.4/lib/active_record/connection_adapters/abstract/query_cache.rb:34:in `cache'
    d:/soft/Ruby/lib/ruby/gems/1.8/gems/activerecord-2.3.4/lib/active_record/query_cache.rb:9:in `cache'
    d:/soft/Ruby/lib/ruby/gems/1.8/gems/activerecord-2.3.4/lib/active_record/query_cache.rb:28:in `call'
    d:/soft/Ruby/lib/ruby/gems/1.8/gems/activerecord-2.3.4/lib/active_record/connection_adapters/abstract/connection_pool.rb:361:in `call'
    d:/soft/Ruby/lib/ruby/gems/1.8/gems/rack-1.0.0/lib/rack/head.rb:9:in `call'
    d:/soft/Ruby/lib/ruby/gems/1.8/gems/rack-1.0.0/lib/rack/methodoverride.rb:24:in `call'
    d:/soft/Ruby/lib/ruby/gems/1.8/gems/actionpack-2.3.4/lib/action_controller/params_parser.rb:15:in `call'
    d:/soft/Ruby/lib/ruby/gems/1.8/gems/actionpack-2.3.4/lib/action_controller/session/cookie_store.rb:93:in `call'
    d:/soft/Ruby/lib/ruby/gems/1.8/gems/actionpack-2.3.4/lib/action_controller/failsafe.rb:26:in `call'
    d:/soft/Ruby/lib/ruby/gems/1.8/gems/rack-1.0.0/lib/rack/lock.rb:11:in `call'
    d:/soft/Ruby/lib/ruby/gems/1.8/gems/rack-1.0.0/lib/rack/lock.rb:11:in `synchronize'
    d:/soft/Ruby/lib/ruby/gems/1.8/gems/rack-1.0.0/lib/rack/lock.rb:11:in `call'
    d:/soft/Ruby/lib/ruby/gems/1.8/gems/actionpack-2.3.4/lib/action_controller/dispatcher.rb:114:in `call'
    d:/soft/Ruby/lib/ruby/gems/1.8/gems/actionpack-2.3.4/lib/action_controller/reloader.rb:34:in `run'
    d:/soft/Ruby/lib/ruby/gems/1.8/gems/actionpack-2.3.4/lib/action_controller/dispatcher.rb:108:in `call'
    d:/soft/Ruby/lib/ruby/gems/1.8/gems/rails-2.3.4/lib/rails/rack/static.rb:31:in `call'
    d:/soft/Ruby/lib/ruby/gems/1.8/gems/rack-1.0.0/lib/rack/urlmap.rb:46:in `call'
    d:/soft/Ruby/lib/ruby/gems/1.8/gems/rack-1.0.0/lib/rack/urlmap.rb:40:in `each'
    d:/soft/Ruby/lib/ruby/gems/1.8/gems/rack-1.0.0/lib/rack/urlmap.rb:40:in `call'
    d:/soft/Ruby/lib/ruby/gems/1.8/gems/rails-2.3.4/lib/rails/rack/log_tailer.rb:17:in `call'
    d:/soft/Ruby/lib/ruby/gems/1.8/gems/rack-1.0.0/lib/rack/content_length.rb:13:in `call'
    d:/soft/Ruby/lib/ruby/gems/1.8/gems/rack-1.0.0/lib/rack/handler/webrick.rb:46:in `service'
    d:/soft/Ruby/lib/ruby/1.8/webrick/httpserver.rb:104:in `service'
    d:/soft/Ruby/lib/ruby/1.8/webrick/httpserver.rb:65:in `run'
    d:/soft/Ruby/lib/ruby/1.8/webrick/server.rb:173:in `start_thread'
    d:/soft/Ruby/lib/ruby/1.8/webrick/server.rb:162:in `start'
    d:/soft/Ruby/lib/ruby/1.8/webrick/server.rb:162:in `start_thread'
    d:/soft/Ruby/lib/ruby/1.8/webrick/server.rb:95:in `start'
    d:/soft/Ruby/lib/ruby/1.8/webrick/server.rb:92:in `each'
    d:/soft/Ruby/lib/ruby/1.8/webrick/server.rb:92:in `start'
    d:/soft/Ruby/lib/ruby/1.8/webrick/server.rb:23:in `start'
    d:/soft/Ruby/lib/ruby/1.8/webrick/server.rb:82:in `start'
    d:/soft/Ruby/lib/ruby/gems/1.8/gems/rack-1.0.0/lib/rack/handler/webrick.rb:13:in `run'
    d:/soft/Ruby/lib/ruby/gems/1.8/gems/rails-2.3.4/lib/commands/server.rb:111
    d:/soft/Ruby/lib/ruby/site_ruby/1.8/rubygems/custom_require.rb:31:in `gem_original_require'
    d:/soft/Ruby/lib/ruby/site_ruby/1.8/rubygems/custom_require.rb:31:in `require'
    script/server:3
  [4;36;1mSQL (0.0ms)[0m   [0;1mSET NAMES 'utf8'[0m
  [4;35;1mSQL (1.0ms)[0m   [0mSET SQL_AUTO_IS_NULL=0[0m
/!\ FAILSAFE /!\  Wed Oct 21 23:51:02 +0400 2009
  Status: 500 Internal Server Error
  no such file to load -- syslog
    d:/soft/Ruby/lib/ruby/site_ruby/1.8/rubygems/custom_require.rb:31:in `gem_original_require'
    d:/soft/Ruby/lib/ruby/site_ruby/1.8/rubygems/custom_require.rb:31:in `require'
    d:/soft/Ruby/lib/ruby/gems/1.8/gems/activesupport-2.3.4/lib/active_support/dependencies.rb:156:in `require'
    d:/soft/Ruby/lib/ruby/gems/1.8/gems/activesupport-2.3.4/lib/active_support/dependencies.rb:521:in `new_constants_in'
    d:/soft/Ruby/lib/ruby/gems/1.8/gems/activesupport-2.3.4/lib/active_support/dependencies.rb:156:in `require'
    E:/dropbox/My Dropbox/oxnull/oxmain/app/controllers/application_controller.rb:2
    d:/soft/Ruby/lib/ruby/gems/1.8/gems/activesupport-2.3.4/lib/active_support/dependencies.rb:380:in `load_without_new_constant_marking'
    d:/soft/Ruby/lib/ruby/gems/1.8/gems/activesupport-2.3.4/lib/active_support/dependencies.rb:380:in `load_file'
    d:/soft/Ruby/lib/ruby/gems/1.8/gems/activesupport-2.3.4/lib/active_support/dependencies.rb:521:in `new_constants_in'
    d:/soft/Ruby/lib/ruby/gems/1.8/gems/activesupport-2.3.4/lib/active_support/dependencies.rb:379:in `load_file'
    d:/soft/Ruby/lib/ruby/gems/1.8/gems/activesupport-2.3.4/lib/active_support/dependencies.rb:259:in `require_or_load'
    d:/soft/Ruby/lib/ruby/gems/1.8/gems/activesupport-2.3.4/lib/active_support/dependencies.rb:425:in `load_missing_constant'
    d:/soft/Ruby/lib/ruby/gems/1.8/gems/activesupport-2.3.4/lib/active_support/dependencies.rb:80:in `const_missing'
    d:/soft/Ruby/lib/ruby/gems/1.8/gems/activesupport-2.3.4/lib/active_support/dependencies.rb:92:in `const_missing'
    d:/soft/Ruby/lib/ruby/gems/1.8/gems/actionpack-2.3.4/lib/action_controller/dispatcher.rb:89:in `dispatch'
    d:/soft/Ruby/lib/ruby/gems/1.8/gems/actionpack-2.3.4/lib/action_controller/dispatcher.rb:121:in `_call'
    d:/soft/Ruby/lib/ruby/gems/1.8/gems/actionpack-2.3.4/lib/action_controller/dispatcher.rb:130:in `build_middleware_stack'
    d:/soft/Ruby/lib/ruby/gems/1.8/gems/activerecord-2.3.4/lib/active_record/query_cache.rb:29:in `call'
    d:/soft/Ruby/lib/ruby/gems/1.8/gems/activerecord-2.3.4/lib/active_record/query_cache.rb:29:in `call'
    d:/soft/Ruby/lib/ruby/gems/1.8/gems/activerecord-2.3.4/lib/active_record/connection_adapters/abstract/query_cache.rb:34:in `cache'
    d:/soft/Ruby/lib/ruby/gems/1.8/gems/activerecord-2.3.4/lib/active_record/query_cache.rb:9:in `cache'
    d:/soft/Ruby/lib/ruby/gems/1.8/gems/activerecord-2.3.4/lib/active_record/query_cache.rb:28:in `call'
    d:/soft/Ruby/lib/ruby/gems/1.8/gems/activerecord-2.3.4/lib/active_record/connection_adapters/abstract/connection_pool.rb:361:in `call'
    d:/soft/Ruby/lib/ruby/gems/1.8/gems/rack-1.0.0/lib/rack/head.rb:9:in `call'
    d:/soft/Ruby/lib/ruby/gems/1.8/gems/rack-1.0.0/lib/rack/methodoverride.rb:24:in `call'
    d:/soft/Ruby/lib/ruby/gems/1.8/gems/actionpack-2.3.4/lib/action_controller/params_parser.rb:15:in `call'
    d:/soft/Ruby/lib/ruby/gems/1.8/gems/actionpack-2.3.4/lib/action_controller/session/cookie_store.rb:93:in `call'
    d:/soft/Ruby/lib/ruby/gems/1.8/gems/actionpack-2.3.4/lib/action_controller/failsafe.rb:26:in `call'
    d:/soft/Ruby/lib/ruby/gems/1.8/gems/rack-1.0.0/lib/rack/lock.rb:11:in `call'
    d:/soft/Ruby/lib/ruby/gems/1.8/gems/rack-1.0.0/lib/rack/lock.rb:11:in `synchronize'
    d:/soft/Ruby/lib/ruby/gems/1.8/gems/rack-1.0.0/lib/rack/lock.rb:11:in `call'
    d:/soft/Ruby/lib/ruby/gems/1.8/gems/actionpack-2.3.4/lib/action_controller/dispatcher.rb:114:in `call'
    d:/soft/Ruby/lib/ruby/gems/1.8/gems/actionpack-2.3.4/lib/action_controller/reloader.rb:34:in `run'
    d:/soft/Ruby/lib/ruby/gems/1.8/gems/actionpack-2.3.4/lib/action_controller/dispatcher.rb:108:in `call'
    d:/soft/Ruby/lib/ruby/gems/1.8/gems/rails-2.3.4/lib/rails/rack/static.rb:31:in `call'
    d:/soft/Ruby/lib/ruby/gems/1.8/gems/rack-1.0.0/lib/rack/urlmap.rb:46:in `call'
    d:/soft/Ruby/lib/ruby/gems/1.8/gems/rack-1.0.0/lib/rack/urlmap.rb:40:in `each'
    d:/soft/Ruby/lib/ruby/gems/1.8/gems/rack-1.0.0/lib/rack/urlmap.rb:40:in `call'
    d:/soft/Ruby/lib/ruby/gems/1.8/gems/rails-2.3.4/lib/rails/rack/log_tailer.rb:17:in `call'
    d:/soft/Ruby/lib/ruby/gems/1.8/gems/rack-1.0.0/lib/rack/content_length.rb:13:in `call'
    d:/soft/Ruby/lib/ruby/gems/1.8/gems/rack-1.0.0/lib/rack/handler/webrick.rb:46:in `service'
    d:/soft/Ruby/lib/ruby/1.8/webrick/httpserver.rb:104:in `service'
    d:/soft/Ruby/lib/ruby/1.8/webrick/httpserver.rb:65:in `run'
    d:/soft/Ruby/lib/ruby/1.8/webrick/server.rb:173:in `start_thread'
    d:/soft/Ruby/lib/ruby/1.8/webrick/server.rb:162:in `start'
    d:/soft/Ruby/lib/ruby/1.8/webrick/server.rb:162:in `start_thread'
    d:/soft/Ruby/lib/ruby/1.8/webrick/server.rb:95:in `start'
    d:/soft/Ruby/lib/ruby/1.8/webrick/server.rb:92:in `each'
    d:/soft/Ruby/lib/ruby/1.8/webrick/server.rb:92:in `start'
    d:/soft/Ruby/lib/ruby/1.8/webrick/server.rb:23:in `start'
    d:/soft/Ruby/lib/ruby/1.8/webrick/server.rb:82:in `start'
    d:/soft/Ruby/lib/ruby/gems/1.8/gems/rack-1.0.0/lib/rack/handler/webrick.rb:13:in `run'
    d:/soft/Ruby/lib/ruby/gems/1.8/gems/rails-2.3.4/lib/commands/server.rb:111
    d:/soft/Ruby/lib/ruby/site_ruby/1.8/rubygems/custom_require.rb:31:in `gem_original_require'
    d:/soft/Ruby/lib/ruby/site_ruby/1.8/rubygems/custom_require.rb:31:in `require'
    script/server:3
  [4;36;1mSQL (0.0ms)[0m   [0;1mSET NAMES 'utf8'[0m
  [4;35;1mSQL (0.0ms)[0m   [0mSET SQL_AUTO_IS_NULL=0[0m
/!\ FAILSAFE /!\  Wed Oct 21 23:51:09 +0400 2009
  Status: 500 Internal Server Error
  no such file to load -- syslog
    d:/soft/Ruby/lib/ruby/site_ruby/1.8/rubygems/custom_require.rb:31:in `gem_original_require'
    d:/soft/Ruby/lib/ruby/site_ruby/1.8/rubygems/custom_require.rb:31:in `require'
    d:/soft/Ruby/lib/ruby/gems/1.8/gems/activesupport-2.3.4/lib/active_support/dependencies.rb:156:in `require'
    d:/soft/Ruby/lib/ruby/gems/1.8/gems/activesupport-2.3.4/lib/active_support/dependencies.rb:521:in `new_constants_in'
    d:/soft/Ruby/lib/ruby/gems/1.8/gems/activesupport-2.3.4/lib/active_support/dependencies.rb:156:in `require'
    E:/dropbox/My Dropbox/oxnull/oxmain/app/controllers/application_controller.rb:2
    d:/soft/Ruby/lib/ruby/gems/1.8/gems/activesupport-2.3.4/lib/active_support/dependencies.rb:380:in `load_without_new_constant_marking'
    d:/soft/Ruby/lib/ruby/gems/1.8/gems/activesupport-2.3.4/lib/active_support/dependencies.rb:380:in `load_file'
    d:/soft/Ruby/lib/ruby/gems/1.8/gems/activesupport-2.3.4/lib/active_support/dependencies.rb:521:in `new_constants_in'
    d:/soft/Ruby/lib/ruby/gems/1.8/gems/activesupport-2.3.4/lib/active_support/dependencies.rb:379:in `load_file'
    d:/soft/Ruby/lib/ruby/gems/1.8/gems/activesupport-2.3.4/lib/active_support/dependencies.rb:259:in `require_or_load'
    d:/soft/Ruby/lib/ruby/gems/1.8/gems/activesupport-2.3.4/lib/active_support/dependencies.rb:425:in `load_missing_constant'
    d:/soft/Ruby/lib/ruby/gems/1.8/gems/activesupport-2.3.4/lib/active_support/dependencies.rb:80:in `const_missing'
    d:/soft/Ruby/lib/ruby/gems/1.8/gems/activesupport-2.3.4/lib/active_support/dependencies.rb:92:in `const_missing'
    d:/soft/Ruby/lib/ruby/gems/1.8/gems/actionpack-2.3.4/lib/action_controller/dispatcher.rb:89:in `dispatch'
    d:/soft/Ruby/lib/ruby/gems/1.8/gems/actionpack-2.3.4/lib/action_controller/dispatcher.rb:121:in `_call'
    d:/soft/Ruby/lib/ruby/gems/1.8/gems/actionpack-2.3.4/lib/action_controller/dispatcher.rb:130:in `build_middleware_stack'
    d:/soft/Ruby/lib/ruby/gems/1.8/gems/activerecord-2.3.4/lib/active_record/query_cache.rb:29:in `call'
    d:/soft/Ruby/lib/ruby/gems/1.8/gems/activerecord-2.3.4/lib/active_record/query_cache.rb:29:in `call'
    d:/soft/Ruby/lib/ruby/gems/1.8/gems/activerecord-2.3.4/lib/active_record/connection_adapters/abstract/query_cache.rb:34:in `cache'
    d:/soft/Ruby/lib/ruby/gems/1.8/gems/activerecord-2.3.4/lib/active_record/query_cache.rb:9:in `cache'
    d:/soft/Ruby/lib/ruby/gems/1.8/gems/activerecord-2.3.4/lib/active_record/query_cache.rb:28:in `call'
    d:/soft/Ruby/lib/ruby/gems/1.8/gems/activerecord-2.3.4/lib/active_record/connection_adapters/abstract/connection_pool.rb:361:in `call'
    d:/soft/Ruby/lib/ruby/gems/1.8/gems/rack-1.0.0/lib/rack/head.rb:9:in `call'
    d:/soft/Ruby/lib/ruby/gems/1.8/gems/rack-1.0.0/lib/rack/methodoverride.rb:24:in `call'
    d:/soft/Ruby/lib/ruby/gems/1.8/gems/actionpack-2.3.4/lib/action_controller/params_parser.rb:15:in `call'
    d:/soft/Ruby/lib/ruby/gems/1.8/gems/actionpack-2.3.4/lib/action_controller/session/cookie_store.rb:93:in `call'
    d:/soft/Ruby/lib/ruby/gems/1.8/gems/actionpack-2.3.4/lib/action_controller/failsafe.rb:26:in `call'
    d:/soft/Ruby/lib/ruby/gems/1.8/gems/rack-1.0.0/lib/rack/lock.rb:11:in `call'
    d:/soft/Ruby/lib/ruby/gems/1.8/gems/rack-1.0.0/lib/rack/lock.rb:11:in `synchronize'
    d:/soft/Ruby/lib/ruby/gems/1.8/gems/rack-1.0.0/lib/rack/lock.rb:11:in `call'
    d:/soft/Ruby/lib/ruby/gems/1.8/gems/actionpack-2.3.4/lib/action_controller/dispatcher.rb:114:in `call'
    d:/soft/Ruby/lib/ruby/gems/1.8/gems/actionpack-2.3.4/lib/action_controller/reloader.rb:34:in `run'
    d:/soft/Ruby/lib/ruby/gems/1.8/gems/actionpack-2.3.4/lib/action_controller/dispatcher.rb:108:in `call'
    d:/soft/Ruby/lib/ruby/gems/1.8/gems/rails-2.3.4/lib/rails/rack/static.rb:31:in `call'
    d:/soft/Ruby/lib/ruby/gems/1.8/gems/rack-1.0.0/lib/rack/urlmap.rb:46:in `call'
    d:/soft/Ruby/lib/ruby/gems/1.8/gems/rack-1.0.0/lib/rack/urlmap.rb:40:in `each'
    d:/soft/Ruby/lib/ruby/gems/1.8/gems/rack-1.0.0/lib/rack/urlmap.rb:40:in `call'
    d:/soft/Ruby/lib/ruby/gems/1.8/gems/rails-2.3.4/lib/rails/rack/log_tailer.rb:17:in `call'
    d:/soft/Ruby/lib/ruby/gems/1.8/gems/rack-1.0.0/lib/rack/content_length.rb:13:in `call'
    d:/soft/Ruby/lib/ruby/gems/1.8/gems/rack-1.0.0/lib/rack/handler/webrick.rb:46:in `service'
    d:/soft/Ruby/lib/ruby/1.8/webrick/httpserver.rb:104:in `service'
    d:/soft/Ruby/lib/ruby/1.8/webrick/httpserver.rb:65:in `run'
    d:/soft/Ruby/lib/ruby/1.8/webrick/server.rb:173:in `start_thread'
    d:/soft/Ruby/lib/ruby/1.8/webrick/server.rb:162:in `start'
    d:/soft/Ruby/lib/ruby/1.8/webrick/server.rb:162:in `start_thread'
    d:/soft/Ruby/lib/ruby/1.8/webrick/server.rb:95:in `start'
    d:/soft/Ruby/lib/ruby/1.8/webrick/server.rb:92:in `each'
    d:/soft/Ruby/lib/ruby/1.8/webrick/server.rb:92:in `start'
    d:/soft/Ruby/lib/ruby/1.8/webrick/server.rb:23:in `start'
    d:/soft/Ruby/lib/ruby/1.8/webrick/server.rb:82:in `start'
    d:/soft/Ruby/lib/ruby/gems/1.8/gems/rack-1.0.0/lib/rack/handler/webrick.rb:13:in `run'
    d:/soft/Ruby/lib/ruby/gems/1.8/gems/rails-2.3.4/lib/commands/server.rb:111
    d:/soft/Ruby/lib/ruby/site_ruby/1.8/rubygems/custom_require.rb:31:in `gem_original_require'
    d:/soft/Ruby/lib/ruby/site_ruby/1.8/rubygems/custom_require.rb:31:in `require'
    script/server:3
  [4;36;1mSQL (0.0ms)[0m   [0;1mSET NAMES 'utf8'[0m
  [4;35;1mSQL (0.0ms)[0m   [0mSET SQL_AUTO_IS_NULL=0[0m


Processing MainController#hello (for 127.0.0.1 at 2009-10-21 23:51:42) [GET]
Rendering template within layouts/application
Rendering main/hello
Completed in 9476ms (View: 9468, DB: 0) | 200 OK [http://127.0.0.1/main/hello/]
  [4;36;1mSQL (0.0ms)[0m   [0;1mSET NAMES 'utf8'[0m
  [4;35;1mSQL (1.0ms)[0m   [0mSET SQL_AUTO_IS_NULL=0[0m


Processing MainController#hello (for 127.0.0.1 at 2009-10-21 23:52:17) [GET]
Rendering template within layouts/application
Rendering main/hello
Completed in 432ms (View: 425, DB: 1) | 200 OK [http://127.0.0.1/main/hello/]
  [4;36;1mSQL (1.0ms)[0m   [0;1mSET NAMES 'utf8'[0m
  [4;35;1mSQL (0.0ms)[0m   [0mSET SQL_AUTO_IS_NULL=0[0m


Processing ApplicationController#index (for 127.0.0.1 at 2009-10-21 23:52:19) [GET]

ActionController::RoutingError (No route matches "/images/spinner.gif" with {:method=>:get}):
  d:/soft/Ruby/lib/ruby/1.8/webrick/httpserver.rb:104:in `service'
  d:/soft/Ruby/lib/ruby/1.8/webrick/httpserver.rb:65:in `run'
  d:/soft/Ruby/lib/ruby/1.8/webrick/server.rb:173:in `start_thread'
  d:/soft/Ruby/lib/ruby/1.8/webrick/server.rb:162:in `start'
  d:/soft/Ruby/lib/ruby/1.8/webrick/server.rb:162:in `start_thread'
  d:/soft/Ruby/lib/ruby/1.8/webrick/server.rb:95:in `start'
  d:/soft/Ruby/lib/ruby/1.8/webrick/server.rb:92:in `each'
  d:/soft/Ruby/lib/ruby/1.8/webrick/server.rb:92:in `start'
  d:/soft/Ruby/lib/ruby/1.8/webrick/server.rb:23:in `start'
  d:/soft/Ruby/lib/ruby/1.8/webrick/server.rb:82:in `start'

Rendering rescues/layout (not_found)
  [4;36;1mSQL (0.0ms)[0m   [0;1mSET NAMES 'utf8'[0m
  [4;35;1mSQL (1.0ms)[0m   [0mSET SQL_AUTO_IS_NULL=0[0m


Processing ApplicationController#index (for 127.0.0.1 at 2009-10-21 23:52:19) [GET]

ActionController::RoutingError (No route matches "/images/logos/gmo.png" with {:method=>:get}):
  d:/soft/Ruby/lib/ruby/1.8/webrick/httpserver.rb:104:in `service'
  d:/soft/Ruby/lib/ruby/1.8/webrick/httpserver.rb:65:in `run'
  d:/soft/Ruby/lib/ruby/1.8/webrick/server.rb:173:in `start_thread'
  d:/soft/Ruby/lib/ruby/1.8/webrick/server.rb:162:in `start'
  d:/soft/Ruby/lib/ruby/1.8/webrick/server.rb:162:in `start_thread'
  d:/soft/Ruby/lib/ruby/1.8/webrick/server.rb:95:in `start'
  d:/soft/Ruby/lib/ruby/1.8/webrick/server.rb:92:in `each'
  d:/soft/Ruby/lib/ruby/1.8/webrick/server.rb:92:in `start'
  d:/soft/Ruby/lib/ruby/1.8/webrick/server.rb:23:in `start'
  d:/soft/Ruby/lib/ruby/1.8/webrick/server.rb:82:in `start'

Rendering rescues/layout (not_found)
  [4;36;1mSQL (0.0ms)[0m   [0;1mSET NAMES 'utf8'[0m
  [4;35;1mSQL (1.0ms)[0m   [0mSET SQL_AUTO_IS_NULL=0[0m


Processing AccountController#login (for 127.0.0.1 at 2009-10-21 23:52:22) [GET]
  Parameters: {"authenticity_token"=>"C2/RCAmv5+ZB3dBxscPvLuaHio0cGwmOmjrLP7RpcQY="}
Rendering template within layouts/mainlayer
Rendering account/login
Completed in 249ms (View: 240, DB: 1) | 200 OK [http://127.0.0.1/account/login?authenticity_token=C2%2FRCAmv5%2BZB3dBxscPvLuaHio0cGwmOmjrLP7RpcQY%3D]
  [4;36;1mSQL (1.0ms)[0m   [0;1mSET NAMES 'utf8'[0m
  [4;35;1mSQL (0.0ms)[0m   [0mSET SQL_AUTO_IS_NULL=0[0m


Processing AccountController#signup (for 127.0.0.1 at 2009-10-21 23:52:24) [GET]
  Parameters: {"authenticity_token"=>"C2/RCAmv5+ZB3dBxscPvLuaHio0cGwmOmjrLP7RpcQY="}
Rendering account/signup.rhtml
Completed in 61ms (View: 51, DB: 1) | 200 OK [http://127.0.0.1/account/signup?authenticity_token=C2%2FRCAmv5%2BZB3dBxscPvLuaHio0cGwmOmjrLP7RpcQY%3D]
  [4;36;1mSQL (0.0ms)[0m   [0;1mSET NAMES 'utf8'[0m
  [4;35;1mSQL (0.0ms)[0m   [0mSET SQL_AUTO_IS_NULL=0[0m


Processing MainController#video (for 127.0.0.1 at 2009-10-21 23:52:25) [GET]
  Parameters: {"authenticity_token"=>"C2/RCAmv5+ZB3dBxscPvLuaHio0cGwmOmjrLP7RpcQY="}
Rendering template within layouts/mainlayer
Rendering main/video
Completed in 68ms (View: 60, DB: 0) | 200 OK [http://127.0.0.1/main/video?authenticity_token=C2%2FRCAmv5%2BZB3dBxscPvLuaHio0cGwmOmjrLP7RpcQY%3D]
  [4;36;1mSQL (1.0ms)[0m   [0;1mSET NAMES 'utf8'[0m
  [4;35;1mSQL (0.0ms)[0m   [0mSET SQL_AUTO_IS_NULL=0[0m


Processing MainController#hello (for 127.0.0.1 at 2009-10-21 23:52:27) [GET]
Rendering template within layouts/application
Rendering main/hello
Completed in 228ms (View: 222, DB: 1) | 200 OK [http://127.0.0.1/]
  [4;36;1mSQL (1.0ms)[0m   [0;1mSET NAMES 'utf8'[0m
  [4;35;1mSQL (2.0ms)[0m   [0mSET SQL_AUTO_IS_NULL=0[0m


Processing ApplicationController#index (for 127.0.0.1 at 2009-10-21 23:52:28) [GET]

ActionController::RoutingError (No route matches "/images/logos/gmo.png" with {:method=>:get}):
  d:/soft/Ruby/lib/ruby/1.8/webrick/httpserver.rb:104:in `service'
  d:/soft/Ruby/lib/ruby/1.8/webrick/httpserver.rb:65:in `run'
  d:/soft/Ruby/lib/ruby/1.8/webrick/server.rb:173:in `start_thread'
  d:/soft/Ruby/lib/ruby/1.8/webrick/server.rb:162:in `start'
  d:/soft/Ruby/lib/ruby/1.8/webrick/server.rb:162:in `start_thread'
  d:/soft/Ruby/lib/ruby/1.8/webrick/server.rb:95:in `start'
  d:/soft/Ruby/lib/ruby/1.8/webrick/server.rb:92:in `each'
  d:/soft/Ruby/lib/ruby/1.8/webrick/server.rb:92:in `start'
  d:/soft/Ruby/lib/ruby/1.8/webrick/server.rb:23:in `start'
  d:/soft/Ruby/lib/ruby/1.8/webrick/server.rb:82:in `start'

Rendering rescues/layout (not_found)
  [4;36;1mSQL (1.0ms)[0m   [0;1mSET NAMES 'utf8'[0m
  [4;35;1mSQL (0.0ms)[0m   [0mSET SQL_AUTO_IS_NULL=0[0m


Processing ApplicationController#index (for 127.0.0.1 at 2009-10-21 23:52:28) [GET]

ActionController::RoutingError (No route matches "/images/spinner.gif" with {:method=>:get}):
  d:/soft/Ruby/lib/ruby/1.8/webrick/httpserver.rb:104:in `service'
  d:/soft/Ruby/lib/ruby/1.8/webrick/httpserver.rb:65:in `run'
  d:/soft/Ruby/lib/ruby/1.8/webrick/server.rb:173:in `start_thread'
  d:/soft/Ruby/lib/ruby/1.8/webrick/server.rb:162:in `start'
  d:/soft/Ruby/lib/ruby/1.8/webrick/server.rb:162:in `start_thread'
  d:/soft/Ruby/lib/ruby/1.8/webrick/server.rb:95:in `start'
  d:/soft/Ruby/lib/ruby/1.8/webrick/server.rb:92:in `each'
  d:/soft/Ruby/lib/ruby/1.8/webrick/server.rb:92:in `start'
  d:/soft/Ruby/lib/ruby/1.8/webrick/server.rb:23:in `start'
  d:/soft/Ruby/lib/ruby/1.8/webrick/server.rb:82:in `start'

Rendering rescues/layout (not_found)
  [4;36;1mSQL (1.0ms)[0m   [0;1mSET NAMES 'utf8'[0m
  [4;35;1mSQL (0.0ms)[0m   [0mSET SQL_AUTO_IS_NULL=0[0m


Processing MainController#hello (for 127.0.0.1 at 2009-10-21 23:52:56) [GET]
Rendering template within layouts/application
Rendering main/hello
Completed in 428ms (View: 421, DB: 1) | 200 OK [http://127.0.0.1/]
  [4;36;1mSQL (0.0ms)[0m   [0;1mSET NAMES 'utf8'[0m
  [4;35;1mSQL (0.0ms)[0m   [0mSET SQL_AUTO_IS_NULL=0[0m


Processing ApplicationController#index (for 127.0.0.1 at 2009-10-21 23:52:57) [GET]

ActionController::RoutingError (No route matches "/images/spinner.gif" with {:method=>:get}):
  d:/soft/Ruby/lib/ruby/1.8/webrick/httpserver.rb:104:in `service'
  d:/soft/Ruby/lib/ruby/1.8/webrick/httpserver.rb:65:in `run'
  d:/soft/Ruby/lib/ruby/1.8/webrick/server.rb:173:in `start_thread'
  d:/soft/Ruby/lib/ruby/1.8/webrick/server.rb:162:in `start'
  d:/soft/Ruby/lib/ruby/1.8/webrick/server.rb:162:in `start_thread'
  d:/soft/Ruby/lib/ruby/1.8/webrick/server.rb:95:in `start'
  d:/soft/Ruby/lib/ruby/1.8/webrick/server.rb:92:in `each'
  d:/soft/Ruby/lib/ruby/1.8/webrick/server.rb:92:in `start'
  d:/soft/Ruby/lib/ruby/1.8/webrick/server.rb:23:in `start'
  d:/soft/Ruby/lib/ruby/1.8/webrick/server.rb:82:in `start'

Rendering rescues/layout (not_found)
  [4;36;1mSQL (0.0ms)[0m   [0;1mSET NAMES 'utf8'[0m
  [4;35;1mSQL (0.0ms)[0m   [0mSET SQL_AUTO_IS_NULL=0[0m


Processing ApplicationController#index (for 127.0.0.1 at 2009-10-21 23:52:58) [GET]

ActionController::RoutingError (No route matches "/images/logos/gmo.png" with {:method=>:get}):
  d:/soft/Ruby/lib/ruby/1.8/webrick/httpserver.rb:104:in `service'
  d:/soft/Ruby/lib/ruby/1.8/webrick/httpserver.rb:65:in `run'
  d:/soft/Ruby/lib/ruby/1.8/webrick/server.rb:173:in `start_thread'
  d:/soft/Ruby/lib/ruby/1.8/webrick/server.rb:162:in `start'
  d:/soft/Ruby/lib/ruby/1.8/webrick/server.rb:162:in `start_thread'
  d:/soft/Ruby/lib/ruby/1.8/webrick/server.rb:95:in `start'
  d:/soft/Ruby/lib/ruby/1.8/webrick/server.rb:92:in `each'
  d:/soft/Ruby/lib/ruby/1.8/webrick/server.rb:92:in `start'
  d:/soft/Ruby/lib/ruby/1.8/webrick/server.rb:23:in `start'
  d:/soft/Ruby/lib/ruby/1.8/webrick/server.rb:82:in `start'

Rendering rescues/layout (not_found)
  [4;36;1mSQL (0.0ms)[0m   [0;1mSET NAMES 'utf8'[0m
  [4;35;1mSQL (0.0ms)[0m   [0mSET SQL_AUTO_IS_NULL=0[0m


Processing AccountController#login (for 127.0.0.1 at 2009-10-21 23:53:16) [GET]
  Parameters: {"authenticity_token"=>"C2/RCAmv5+ZB3dBxscPvLuaHio0cGwmOmjrLP7RpcQY="}
Rendering template within layouts/mainlayer
Rendering account/login
Completed in 56ms (View: 52, DB: 0) | 200 OK [http://127.0.0.1/account/login?authenticity_token=C2%2FRCAmv5%2BZB3dBxscPvLuaHio0cGwmOmjrLP7RpcQY%3D]
  [4;36;1mSQL (0.0ms)[0m   [0;1mSET NAMES 'utf8'[0m
  [4;35;1mSQL (0.0ms)[0m   [0mSET SQL_AUTO_IS_NULL=0[0m


Processing MainController#hello (for 127.0.0.1 at 2009-10-21 23:53:17) [GET]
Rendering template within layouts/application
Rendering main/hello
Completed in 51ms (View: 46, DB: 0) | 200 OK [http://127.0.0.1/]
  [4;36;1mSQL (0.0ms)[0m   [0;1mSET NAMES 'utf8'[0m
  [4;35;1mSQL (0.0ms)[0m   [0mSET SQL_AUTO_IS_NULL=0[0m


Processing ApplicationController#index (for 127.0.0.1 at 2009-10-21 23:53:18) [GET]

ActionController::RoutingError (No route matches "/images/logos/gmo.png" with {:method=>:get}):
  d:/soft/Ruby/lib/ruby/1.8/webrick/httpserver.rb:104:in `service'
  d:/soft/Ruby/lib/ruby/1.8/webrick/httpserver.rb:65:in `run'
  d:/soft/Ruby/lib/ruby/1.8/webrick/server.rb:173:in `start_thread'
  d:/soft/Ruby/lib/ruby/1.8/webrick/server.rb:162:in `start'
  d:/soft/Ruby/lib/ruby/1.8/webrick/server.rb:162:in `start_thread'
  d:/soft/Ruby/lib/ruby/1.8/webrick/server.rb:95:in `start'
  d:/soft/Ruby/lib/ruby/1.8/webrick/server.rb:92:in `each'
  d:/soft/Ruby/lib/ruby/1.8/webrick/server.rb:92:in `start'
  d:/soft/Ruby/lib/ruby/1.8/webrick/server.rb:23:in `start'
  d:/soft/Ruby/lib/ruby/1.8/webrick/server.rb:82:in `start'

Rendering rescues/layout (not_found)
  [4;36;1mSQL (1.0ms)[0m   [0;1mSET NAMES 'utf8'[0m
  [4;35;1mSQL (0.0ms)[0m   [0mSET SQL_AUTO_IS_NULL=0[0m


Processing ApplicationController#index (for 127.0.0.1 at 2009-10-21 23:53:18) [GET]

ActionController::RoutingError (No route matches "/images/spinner.gif" with {:method=>:get}):
  d:/soft/Ruby/lib/ruby/1.8/webrick/httpserver.rb:104:in `service'
  d:/soft/Ruby/lib/ruby/1.8/webrick/httpserver.rb:65:in `run'
  d:/soft/Ruby/lib/ruby/1.8/webrick/server.rb:173:in `start_thread'
  d:/soft/Ruby/lib/ruby/1.8/webrick/server.rb:162:in `start'
  d:/soft/Ruby/lib/ruby/1.8/webrick/server.rb:162:in `start_thread'
  d:/soft/Ruby/lib/ruby/1.8/webrick/server.rb:95:in `start'
  d:/soft/Ruby/lib/ruby/1.8/webrick/server.rb:92:in `each'
  d:/soft/Ruby/lib/ruby/1.8/webrick/server.rb:92:in `start'
  d:/soft/Ruby/lib/ruby/1.8/webrick/server.rb:23:in `start'
  d:/soft/Ruby/lib/ruby/1.8/webrick/server.rb:82:in `start'

Rendering rescues/layout (not_found)
  [4;36;1mSQL (0.0ms)[0m   [0;1mSET NAMES 'utf8'[0m
  [4;35;1mSQL (0.0ms)[0m   [0mSET SQL_AUTO_IS_NULL=0[0m


Processing AccountController#login (for 127.0.0.1 at 2009-10-21 23:53:25) [GET]
  Parameters: {"authenticity_token"=>"C2/RCAmv5+ZB3dBxscPvLuaHio0cGwmOmjrLP7RpcQY="}
Rendering template within layouts/mainlayer
Rendering account/login
Completed in 43ms (View: 36, DB: 0) | 200 OK [http://127.0.0.1/account/login?authenticity_token=C2%2FRCAmv5%2BZB3dBxscPvLuaHio0cGwmOmjrLP7RpcQY%3D]
  [4;36;1mSQL (1.0ms)[0m   [0;1mSET NAMES 'utf8'[0m
  [4;35;1mSQL (1.0ms)[0m   [0mSET SQL_AUTO_IS_NULL=0[0m


Processing MainController#hello (for 127.0.0.1 at 2009-10-21 23:53:26) [GET]
Rendering template within layouts/application
Rendering main/hello
Completed in 80ms (View: 75, DB: 2) | 200 OK [http://127.0.0.1/]
  [4;36;1mSQL (0.0ms)[0m   [0;1mSET NAMES 'utf8'[0m
  [4;35;1mSQL (0.0ms)[0m   [0mSET SQL_AUTO_IS_NULL=0[0m


Processing ApplicationController#index (for 127.0.0.1 at 2009-10-21 23:53:27) [GET]

ActionController::RoutingError (No route matches "/images/logos/gmo.png" with {:method=>:get}):
  d:/soft/Ruby/lib/ruby/1.8/webrick/httpserver.rb:104:in `service'
  d:/soft/Ruby/lib/ruby/1.8/webrick/httpserver.rb:65:in `run'
  d:/soft/Ruby/lib/ruby/1.8/webrick/server.rb:173:in `start_thread'
  d:/soft/Ruby/lib/ruby/1.8/webrick/server.rb:162:in `start'
  d:/soft/Ruby/lib/ruby/1.8/webrick/server.rb:162:in `start_thread'
  d:/soft/Ruby/lib/ruby/1.8/webrick/server.rb:95:in `start'
  d:/soft/Ruby/lib/ruby/1.8/webrick/server.rb:92:in `each'
  d:/soft/Ruby/lib/ruby/1.8/webrick/server.rb:92:in `start'
  d:/soft/Ruby/lib/ruby/1.8/webrick/server.rb:23:in `start'
  d:/soft/Ruby/lib/ruby/1.8/webrick/server.rb:82:in `start'

Rendering rescues/layout (not_found)
  [4;36;1mSQL (0.0ms)[0m   [0;1mSET NAMES 'utf8'[0m
  [4;35;1mSQL (1.0ms)[0m   [0mSET SQL_AUTO_IS_NULL=0[0m


Processing ApplicationController#index (for 127.0.0.1 at 2009-10-21 23:53:27) [GET]

ActionController::RoutingError (No route matches "/images/spinner.gif" with {:method=>:get}):
  d:/soft/Ruby/lib/ruby/1.8/webrick/httpserver.rb:104:in `service'
  d:/soft/Ruby/lib/ruby/1.8/webrick/httpserver.rb:65:in `run'
  d:/soft/Ruby/lib/ruby/1.8/webrick/server.rb:173:in `start_thread'
  d:/soft/Ruby/lib/ruby/1.8/webrick/server.rb:162:in `start'
  d:/soft/Ruby/lib/ruby/1.8/webrick/server.rb:162:in `start_thread'
  d:/soft/Ruby/lib/ruby/1.8/webrick/server.rb:95:in `start'
  d:/soft/Ruby/lib/ruby/1.8/webrick/server.rb:92:in `each'
  d:/soft/Ruby/lib/ruby/1.8/webrick/server.rb:92:in `start'
  d:/soft/Ruby/lib/ruby/1.8/webrick/server.rb:23:in `start'
  d:/soft/Ruby/lib/ruby/1.8/webrick/server.rb:82:in `start'

Rendering rescues/layout (not_found)
